 _/_/_/       _/_/     _/    _/    _/_/_/   _/_/_/_/    _/_/_/  
 _/    _/    _/  _/    _/_/_/_/   _/    _/  _/         _/    _/ 
 _/    _/   _/    _/   _/ _/ _/   _/        _/         _/       
 _/_/_/     _/_/_/_/   _/    _/     _/_/    _/_/_/       _/_/   
 _/    _/   _/    _/   _/    _/         _/  _/               _/ 
 _/    _/   _/    _/   _/    _/   _/    _/  _/         _/    _/ 
 _/    _/   _/    _/   _/    _/    _/_/_/   _/_/_/_/    _/_/_/  
                         Version 3.0                            
        written by Romain Teyssier (University of Zurich)       
                (c) CEA 1999-2007, UZH 2008-2014                
  
 Working with nproc =    1 for ndim = 1
 Using the hydro solver with nvar =  5
  
 Building initial AMR grid
 Initial mesh structure
 Level  1 has          1 grids (       1,       1,       1,)
 Level  2 has          2 grids (       2,       2,       2,)
 Level  3 has          4 grids (       4,       4,       4,)
 Level  4 has          8 grids (       8,       8,       8,)
 Level  5 has          8 grids (       8,       8,       8,)
 Level  6 has          8 grids (       8,       8,       8,)
 Level  7 has          8 grids (       8,       8,       8,)
 Level  8 has          8 grids (       8,       8,       8,)
 Level  9 has          6 grids (       6,       6,       6,)
 Level 10 has          4 grids (       4,       4,       4,)
 Starting time integration
 Output    58 cells
 ================================================
 lev      x           d          u          P
  4  3.12500E-02  1.000E+00  0.000E+00  1.000E+00
  4  9.37500E-02  1.000E+00  0.000E+00  1.000E+00
